<?xml version="1.0" encoding="UTF-8"?>
<coverage generated="1688912057070" clover="3.2.0">
  <project timestamp="1688912057070" name="All files">
    <metrics statements="213" coveredstatements="168" conditionals="43" coveredconditionals="43" methods="7" coveredmethods="4" elements="263" coveredelements="215" complexity="0" loc="213" ncloc="213" packages="1" files="3" classes="3"/>
    <file name="CheckItem.tsx" path="/Users/player16/Devs/self/habit-journal/src/shared/ui/local/check/CheckItem.tsx">
      <metrics statements="54" coveredstatements="29" conditionals="0" coveredconditionals="0" methods="2" coveredmethods="0"/>
      <line num="1" count="1" type="stmt"/>
      <line num="2" count="1" type="stmt"/>
      <line num="3" count="1" type="stmt"/>
      <line num="4" count="1" type="stmt"/>
      <line num="5" count="1" type="stmt"/>
      <line num="6" count="1" type="stmt"/>
      <line num="7" count="1" type="stmt"/>
      <line num="8" count="1" type="stmt"/>
      <line num="9" count="1" type="stmt"/>
      <line num="10" count="1" type="stmt"/>
      <line num="11" count="1" type="stmt"/>
      <line num="12" count="1" type="stmt"/>
      <line num="13" count="1" type="stmt"/>
      <line num="14" count="1" type="stmt"/>
      <line num="15" count="1" type="stmt"/>
      <line num="16" count="1" type="stmt"/>
      <line num="17" count="1" type="stmt"/>
      <line num="18" count="1" type="stmt"/>
      <line num="19" count="1" type="stmt"/>
      <line num="20" count="1" type="stmt"/>
      <line num="21" count="1" type="stmt"/>
      <line num="22" count="1" type="stmt"/>
      <line num="23" count="1" type="stmt"/>
      <line num="24" count="1" type="stmt"/>
      <line num="25" count="1" type="stmt"/>
      <line num="26" count="1" type="stmt"/>
      <line num="27" count="1" type="stmt"/>
      <line num="28" count="0" type="stmt"/>
      <line num="29" count="0" type="stmt"/>
      <line num="30" count="0" type="stmt"/>
      <line num="31" count="0" type="stmt"/>
      <line num="32" count="0" type="stmt"/>
      <line num="33" count="1" type="stmt"/>
      <line num="34" count="1" type="stmt"/>
      <line num="35" count="0" type="stmt"/>
      <line num="36" count="0" type="stmt"/>
      <line num="37" count="0" type="stmt"/>
      <line num="38" count="0" type="stmt"/>
      <line num="39" count="0" type="stmt"/>
      <line num="40" count="0" type="stmt"/>
      <line num="41" count="0" type="stmt"/>
      <line num="42" count="0" type="stmt"/>
      <line num="43" count="0" type="stmt"/>
      <line num="44" count="0" type="stmt"/>
      <line num="45" count="0" type="stmt"/>
      <line num="46" count="0" type="stmt"/>
      <line num="47" count="0" type="stmt"/>
      <line num="48" count="0" type="stmt"/>
      <line num="49" count="0" type="stmt"/>
      <line num="50" count="0" type="stmt"/>
      <line num="51" count="0" type="stmt"/>
      <line num="52" count="0" type="stmt"/>
      <line num="53" count="0" type="stmt"/>
      <line num="54" count="0" type="stmt"/>
    </file>
    <file name="CheckSequence.tsx" path="/Users/player16/Devs/self/habit-journal/src/shared/ui/local/check/CheckSequence.tsx">
      <metrics statements="140" coveredstatements="120" conditionals="42" coveredconditionals="42" methods="5" coveredmethods="4"/>
      <line num="1" count="1" type="stmt"/>
      <line num="2" count="1" type="stmt"/>
      <line num="3" count="1" type="stmt"/>
      <line num="4" count="1" type="stmt"/>
      <line num="5" count="1" type="stmt"/>
      <line num="6" count="1" type="stmt"/>
      <line num="7" count="1" type="cond" truecount="1" falsecount="0"/>
      <line num="8" count="53" type="cond" truecount="4" falsecount="0"/>
      <line num="9" count="53" type="stmt"/>
      <line num="10" count="1" type="stmt"/>
      <line num="11" count="1" type="cond" truecount="1" falsecount="0"/>
      <line num="12" count="41" type="cond" truecount="1" falsecount="0"/>
      <line num="13" count="33" type="stmt"/>
      <line num="14" count="33" type="cond" truecount="1" falsecount="0"/>
      <line num="15" count="6" type="stmt"/>
      <line num="16" count="33" type="stmt"/>
      <line num="17" count="33" type="cond" truecount="1" falsecount="0"/>
      <line num="18" count="18" type="stmt"/>
      <line num="19" count="33" type="stmt"/>
      <line num="20" count="33" type="cond" truecount="1" falsecount="0"/>
      <line num="21" count="8" type="stmt"/>
      <line num="22" count="8" type="stmt"/>
      <line num="23" count="8" type="cond" truecount="1" falsecount="0"/>
      <line num="24" count="5" type="stmt"/>
      <line num="25" count="8" type="stmt"/>
      <line num="26" count="8" type="cond" truecount="1" falsecount="0"/>
      <line num="27" count="3" type="stmt"/>
      <line num="28" count="8" type="stmt"/>
      <line num="29" count="8" type="cond" truecount="1" falsecount="0"/>
      <line num="30" count="9" type="stmt"/>
      <line num="31" count="9" type="stmt"/>
      <line num="32" count="9" type="stmt"/>
      <line num="33" count="1" type="stmt"/>
      <line num="34" count="1" type="cond" truecount="1" falsecount="0"/>
      <line num="35" count="45" type="cond" truecount="1" falsecount="0"/>
      <line num="36" count="36" type="stmt"/>
      <line num="37" count="36" type="cond" truecount="1" falsecount="0"/>
      <line num="38" count="4" type="stmt"/>
      <line num="39" count="36" type="stmt"/>
      <line num="40" count="36" type="cond" truecount="1" falsecount="0"/>
      <line num="41" count="22" type="stmt"/>
      <line num="42" count="36" type="stmt"/>
      <line num="43" count="36" type="cond" truecount="1" falsecount="0"/>
      <line num="44" count="9" type="stmt"/>
      <line num="45" count="9" type="stmt"/>
      <line num="46" count="9" type="cond" truecount="1" falsecount="0"/>
      <line num="47" count="6" type="stmt"/>
      <line num="48" count="9" type="stmt"/>
      <line num="49" count="9" type="cond" truecount="1" falsecount="0"/>
      <line num="50" count="3" type="stmt"/>
      <line num="51" count="9" type="stmt"/>
      <line num="52" count="9" type="cond" truecount="1" falsecount="0"/>
      <line num="53" count="10" type="stmt"/>
      <line num="54" count="10" type="stmt"/>
      <line num="55" count="10" type="stmt"/>
      <line num="56" count="1" type="stmt"/>
      <line num="57" count="1" type="cond" truecount="1" falsecount="0"/>
      <line num="58" count="53" type="stmt"/>
      <line num="59" count="53" type="stmt"/>
      <line num="60" count="53" type="cond" truecount="1" falsecount="0"/>
      <line num="61" count="265" type="cond" truecount="1" falsecount="0"/>
      <line num="62" count="265" type="stmt"/>
      <line num="63" count="265" type="cond" truecount="1" falsecount="0"/>
      <line num="64" count="53" type="stmt"/>
      <line num="65" count="53" type="stmt"/>
      <line num="66" count="53" type="cond" truecount="1" falsecount="0"/>
      <line num="67" count="212" type="stmt"/>
      <line num="68" count="212" type="stmt"/>
      <line num="69" count="212" type="stmt"/>
      <line num="70" count="53" type="stmt"/>
      <line num="71" count="53" type="stmt"/>
      <line num="72" count="53" type="stmt"/>
      <line num="73" count="53" type="stmt"/>
      <line num="74" count="53" type="stmt"/>
      <line num="75" count="53" type="stmt"/>
      <line num="76" count="53" type="cond" truecount="1" falsecount="0"/>
      <line num="77" count="11" type="stmt"/>
      <line num="78" count="11" type="stmt"/>
      <line num="79" count="53" type="stmt"/>
      <line num="80" count="53" type="stmt"/>
      <line num="81" count="53" type="stmt"/>
      <line num="82" count="53" type="stmt"/>
      <line num="83" count="53" type="cond" truecount="2" falsecount="0"/>
      <line num="84" count="41" type="stmt"/>
      <line num="85" count="41" type="stmt"/>
      <line num="86" count="53" type="stmt"/>
      <line num="87" count="53" type="cond" truecount="2" falsecount="0"/>
      <line num="88" count="45" type="stmt"/>
      <line num="89" count="45" type="stmt"/>
      <line num="90" count="53" type="stmt"/>
      <line num="91" count="53" type="cond" truecount="1" falsecount="0"/>
      <line num="92" count="42" type="stmt"/>
      <line num="93" count="42" type="cond" truecount="2" falsecount="0"/>
      <line num="94" count="5" type="stmt"/>
      <line num="95" count="5" type="stmt"/>
      <line num="96" count="42" type="stmt"/>
      <line num="97" count="42" type="cond" truecount="2" falsecount="0"/>
      <line num="98" count="6" type="stmt"/>
      <line num="99" count="6" type="stmt"/>
      <line num="100" count="42" type="stmt"/>
      <line num="101" count="42" type="cond" truecount="2" falsecount="0"/>
      <line num="102" count="27" type="cond" truecount="1" falsecount="0"/>
      <line num="103" count="11" type="stmt"/>
      <line num="104" count="11" type="stmt"/>
      <line num="105" count="27" type="stmt"/>
      <line num="106" count="27" type="cond" truecount="1" falsecount="0"/>
      <line num="107" count="9" type="stmt"/>
      <line num="108" count="9" type="stmt"/>
      <line num="109" count="27" type="stmt"/>
      <line num="110" count="27" type="cond" truecount="2" falsecount="0"/>
      <line num="111" count="4" type="stmt"/>
      <line num="112" count="4" type="stmt"/>
      <line num="113" count="27" type="stmt"/>
      <line num="114" count="42" type="stmt"/>
      <line num="115" count="42" type="stmt"/>
      <line num="116" count="53" type="stmt"/>
      <line num="117" count="53" type="stmt"/>
      <line num="118" count="53" type="stmt"/>
      <line num="119" count="1" type="stmt"/>
      <line num="120" count="1" type="stmt"/>
      <line num="121" count="0" type="stmt"/>
      <line num="122" count="0" type="stmt"/>
      <line num="123" count="0" type="stmt"/>
      <line num="124" count="0" type="stmt"/>
      <line num="125" count="0" type="stmt"/>
      <line num="126" count="0" type="stmt"/>
      <line num="127" count="0" type="stmt"/>
      <line num="128" count="0" type="stmt"/>
      <line num="129" count="0" type="stmt"/>
      <line num="130" count="0" type="stmt"/>
      <line num="131" count="0" type="stmt"/>
      <line num="132" count="0" type="stmt"/>
      <line num="133" count="0" type="stmt"/>
      <line num="134" count="0" type="stmt"/>
      <line num="135" count="0" type="stmt"/>
      <line num="136" count="0" type="stmt"/>
      <line num="137" count="0" type="stmt"/>
      <line num="138" count="0" type="stmt"/>
      <line num="139" count="0" type="stmt"/>
      <line num="140" count="0" type="stmt"/>
    </file>
    <file name="types.ts" path="/Users/player16/Devs/self/habit-journal/src/shared/ui/local/check/types.ts">
      <metrics statements="19" coveredstatements="19" conditionals="1" coveredconditionals="1" methods="0" coveredmethods="0"/>
      <line num="1" count="1" type="cond" truecount="1" falsecount="0"/>
      <line num="2" count="1" type="stmt"/>
      <line num="3" count="1" type="stmt"/>
      <line num="4" count="1" type="stmt"/>
      <line num="5" count="1" type="stmt"/>
      <line num="6" count="1" type="stmt"/>
      <line num="7" count="1" type="stmt"/>
      <line num="8" count="1" type="stmt"/>
      <line num="9" count="1" type="stmt"/>
      <line num="10" count="1" type="stmt"/>
      <line num="11" count="1" type="stmt"/>
      <line num="12" count="1" type="stmt"/>
      <line num="13" count="1" type="stmt"/>
      <line num="14" count="1" type="stmt"/>
      <line num="15" count="1" type="stmt"/>
      <line num="16" count="1" type="stmt"/>
      <line num="17" count="1" type="stmt"/>
      <line num="18" count="1" type="stmt"/>
      <line num="19" count="1" type="stmt"/>
    </file>
  </project>
</coverage>
