{"/Users/player16/Devs/self/habit-journal/src/shared/ui/local/check/CheckItem.tsx": {"path":"/Users/player16/Devs/self/habit-journal/src/shared/ui/local/check/CheckItem.tsx","all":false,"statementMap":{"0":{"start":{"line":1,"column":0},"end":{"line":1,"column":22}},"1":{"start":{"line":2,"column":0},"end":{"line":2,"column":64}},"2":{"start":{"line":3,"column":0},"end":{"line":3,"column":0}},"3":{"start":{"line":4,"column":0},"end":{"line":4,"column":24}},"4":{"start":{"line":5,"column":0},"end":{"line":5,"column":0}},"5":{"start":{"line":6,"column":0},"end":{"line":6,"column":33}},"6":{"start":{"line":7,"column":0},"end":{"line":7,"column":21}},"7":{"start":{"line":8,"column":0},"end":{"line":8,"column":33}},"8":{"start":{"line":9,"column":0},"end":{"line":9,"column":1}},"9":{"start":{"line":10,"column":0},"end":{"line":10,"column":0}},"10":{"start":{"line":11,"column":0},"end":{"line":11,"column":14}},"11":{"start":{"line":12,"column":0},"end":{"line":12,"column":12}},"12":{"start":{"line":13,"column":0},"end":{"line":13,"column":197}},"13":{"start":{"line":14,"column":0},"end":{"line":14,"column":195}},"14":{"start":{"line":15,"column":0},"end":{"line":15,"column":132}},"15":{"start":{"line":16,"column":0},"end":{"line":16,"column":59}},"16":{"start":{"line":17,"column":0},"end":{"line":17,"column":4}},"17":{"start":{"line":18,"column":0},"end":{"line":18,"column":15}},"18":{"start":{"line":19,"column":0},"end":{"line":19,"column":296}},"19":{"start":{"line":20,"column":0},"end":{"line":20,"column":305}},"20":{"start":{"line":21,"column":0},"end":{"line":21,"column":212}},"21":{"start":{"line":22,"column":0},"end":{"line":22,"column":185}},"22":{"start":{"line":23,"column":0},"end":{"line":23,"column":4}},"23":{"start":{"line":24,"column":0},"end":{"line":24,"column":60}},"24":{"start":{"line":25,"column":0},"end":{"line":25,"column":2}},"25":{"start":{"line":26,"column":0},"end":{"line":26,"column":0}},"26":{"start":{"line":27,"column":0},"end":{"line":27,"column":63}},"27":{"start":{"line":28,"column":0},"end":{"line":28,"column":10}},"28":{"start":{"line":29,"column":0},"end":{"line":29,"column":15}},"29":{"start":{"line":30,"column":0},"end":{"line":30,"column":50}},"30":{"start":{"line":31,"column":0},"end":{"line":31,"column":4}},"31":{"start":{"line":32,"column":0},"end":{"line":32,"column":2}},"32":{"start":{"line":33,"column":0},"end":{"line":33,"column":0}},"33":{"start":{"line":34,"column":0},"end":{"line":34,"column":65}},"34":{"start":{"line":35,"column":0},"end":{"line":35,"column":12}},"35":{"start":{"line":36,"column":0},"end":{"line":36,"column":0}},"36":{"start":{"line":37,"column":0},"end":{"line":37,"column":52}},"37":{"start":{"line":38,"column":0},"end":{"line":38,"column":0}},"38":{"start":{"line":39,"column":0},"end":{"line":39,"column":28}},"39":{"start":{"line":40,"column":0},"end":{"line":40,"column":35}},"40":{"start":{"line":41,"column":0},"end":{"line":41,"column":38}},"41":{"start":{"line":42,"column":0},"end":{"line":42,"column":38}},"42":{"start":{"line":43,"column":0},"end":{"line":43,"column":10}},"43":{"start":{"line":44,"column":0},"end":{"line":44,"column":23}},"44":{"start":{"line":45,"column":0},"end":{"line":45,"column":3}},"45":{"start":{"line":46,"column":0},"end":{"line":46,"column":0}},"46":{"start":{"line":47,"column":0},"end":{"line":47,"column":10}},"47":{"start":{"line":48,"column":0},"end":{"line":48,"column":65}},"48":{"start":{"line":49,"column":0},"end":{"line":49,"column":81}},"49":{"start":{"line":50,"column":0},"end":{"line":50,"column":15}},"50":{"start":{"line":51,"column":0},"end":{"line":51,"column":12}},"51":{"start":{"line":52,"column":0},"end":{"line":52,"column":13}},"52":{"start":{"line":53,"column":0},"end":{"line":53,"column":4}},"53":{"start":{"line":54,"column":0},"end":{"line":54,"column":2}}},"s":{"0":1,"1":1,"2":1,"3":1,"4":1,"5":1,"6":1,"7":1,"8":1,"9":1,"10":1,"11":1,"12":1,"13":1,"14":1,"15":1,"16":1,"17":1,"18":1,"19":1,"20":1,"21":1,"22":1,"23":1,"24":1,"25":1,"26":1,"27":0,"28":0,"29":0,"30":0,"31":0,"32":1,"33":1,"34":0,"35":0,"36":0,"37":0,"38":0,"39":0,"40":0,"41":0,"42":0,"43":0,"44":0,"45":0,"46":0,"47":0,"48":0,"49":0,"50":0,"51":0,"52":0,"53":0},"branchMap":{},"b":{},"fnMap":{"0":{"name":"getViewItem","decl":{"start":{"line":27,"column":20},"end":{"line":32,"column":2}},"loc":{"start":{"line":27,"column":20},"end":{"line":32,"column":2}},"line":27},"1":{"name":"CheckItem","decl":{"start":{"line":34,"column":25},"end":{"line":54,"column":2}},"loc":{"start":{"line":34,"column":25},"end":{"line":54,"column":2}},"line":34}},"f":{"0":0,"1":0}}
,"/Users/player16/Devs/self/habit-journal/src/shared/ui/local/check/CheckSequence.tsx": {"path":"/Users/player16/Devs/self/habit-journal/src/shared/ui/local/check/CheckSequence.tsx","all":false,"statementMap":{"0":{"start":{"line":1,"column":0},"end":{"line":1,"column":33}},"1":{"start":{"line":2,"column":0},"end":{"line":2,"column":79}},"2":{"start":{"line":3,"column":0},"end":{"line":3,"column":40}},"3":{"start":{"line":4,"column":0},"end":{"line":4,"column":0}},"4":{"start":{"line":5,"column":0},"end":{"line":5,"column":36}},"5":{"start":{"line":6,"column":0},"end":{"line":6,"column":0}},"6":{"start":{"line":7,"column":0},"end":{"line":7,"column":52}},"7":{"start":{"line":8,"column":0},"end":{"line":8,"column":103}},"8":{"start":{"line":9,"column":0},"end":{"line":9,"column":2}},"9":{"start":{"line":10,"column":0},"end":{"line":10,"column":0}},"10":{"start":{"line":11,"column":0},"end":{"line":11,"column":88}},"11":{"start":{"line":12,"column":0},"end":{"line":12,"column":16}},"12":{"start":{"line":13,"column":0},"end":{"line":13,"column":30}},"13":{"start":{"line":14,"column":0},"end":{"line":14,"column":26}},"14":{"start":{"line":15,"column":0},"end":{"line":15,"column":31}},"15":{"start":{"line":16,"column":0},"end":{"line":16,"column":0}},"16":{"start":{"line":17,"column":0},"end":{"line":17,"column":27}},"17":{"start":{"line":18,"column":0},"end":{"line":18,"column":29}},"18":{"start":{"line":19,"column":0},"end":{"line":19,"column":5}},"19":{"start":{"line":20,"column":0},"end":{"line":20,"column":3}},"20":{"start":{"line":21,"column":0},"end":{"line":21,"column":8}},"21":{"start":{"line":22,"column":0},"end":{"line":22,"column":30}},"22":{"start":{"line":23,"column":0},"end":{"line":23,"column":25}},"23":{"start":{"line":24,"column":0},"end":{"line":24,"column":31}},"24":{"start":{"line":25,"column":0},"end":{"line":25,"column":0}},"25":{"start":{"line":26,"column":0},"end":{"line":26,"column":27}},"26":{"start":{"line":27,"column":0},"end":{"line":27,"column":30}},"27":{"start":{"line":28,"column":0},"end":{"line":28,"column":5}},"28":{"start":{"line":29,"column":0},"end":{"line":29,"column":3}},"29":{"start":{"line":30,"column":0},"end":{"line":30,"column":0}},"30":{"start":{"line":31,"column":0},"end":{"line":31,"column":25}},"31":{"start":{"line":32,"column":0},"end":{"line":32,"column":1}},"32":{"start":{"line":33,"column":0},"end":{"line":33,"column":0}},"33":{"start":{"line":34,"column":0},"end":{"line":34,"column":89}},"34":{"start":{"line":35,"column":0},"end":{"line":35,"column":16}},"35":{"start":{"line":36,"column":0},"end":{"line":36,"column":30}},"36":{"start":{"line":37,"column":0},"end":{"line":37,"column":25}},"37":{"start":{"line":38,"column":0},"end":{"line":38,"column":31}},"38":{"start":{"line":39,"column":0},"end":{"line":39,"column":0}},"39":{"start":{"line":40,"column":0},"end":{"line":40,"column":27}},"40":{"start":{"line":41,"column":0},"end":{"line":41,"column":30}},"41":{"start":{"line":42,"column":0},"end":{"line":42,"column":5}},"42":{"start":{"line":43,"column":0},"end":{"line":43,"column":3}},"43":{"start":{"line":44,"column":0},"end":{"line":44,"column":8}},"44":{"start":{"line":45,"column":0},"end":{"line":45,"column":30}},"45":{"start":{"line":46,"column":0},"end":{"line":46,"column":26}},"46":{"start":{"line":47,"column":0},"end":{"line":47,"column":31}},"47":{"start":{"line":48,"column":0},"end":{"line":48,"column":0}},"48":{"start":{"line":49,"column":0},"end":{"line":49,"column":27}},"49":{"start":{"line":50,"column":0},"end":{"line":50,"column":29}},"50":{"start":{"line":51,"column":0},"end":{"line":51,"column":5}},"51":{"start":{"line":52,"column":0},"end":{"line":52,"column":3}},"52":{"start":{"line":53,"column":0},"end":{"line":53,"column":0}},"53":{"start":{"line":54,"column":0},"end":{"line":54,"column":25}},"54":{"start":{"line":55,"column":0},"end":{"line":55,"column":1}},"55":{"start":{"line":56,"column":0},"end":{"line":56,"column":0}},"56":{"start":{"line":57,"column":0},"end":{"line":57,"column":71}},"57":{"start":{"line":58,"column":0},"end":{"line":58,"column":22}},"58":{"start":{"line":59,"column":0},"end":{"line":59,"column":0}},"59":{"start":{"line":60,"column":0},"end":{"line":60,"column":61}},"60":{"start":{"line":61,"column":0},"end":{"line":61,"column":91}},"61":{"start":{"line":62,"column":0},"end":{"line":62,"column":0}},"62":{"start":{"line":63,"column":0},"end":{"line":63,"column":28}},"63":{"start":{"line":64,"column":0},"end":{"line":64,"column":26}},"64":{"start":{"line":65,"column":0},"end":{"line":65,"column":51}},"65":{"start":{"line":66,"column":0},"end":{"line":66,"column":5}},"66":{"start":{"line":67,"column":0},"end":{"line":67,"column":0}},"67":{"start":{"line":68,"column":0},"end":{"line":68,"column":19}},"68":{"start":{"line":69,"column":0},"end":{"line":69,"column":5}},"69":{"start":{"line":70,"column":0},"end":{"line":70,"column":0}},"70":{"start":{"line":71,"column":0},"end":{"line":71,"column":40}},"71":{"start":{"line":72,"column":0},"end":{"line":72,"column":52}},"72":{"start":{"line":73,"column":0},"end":{"line":73,"column":0}},"73":{"start":{"line":74,"column":0},"end":{"line":74,"column":38}},"74":{"start":{"line":75,"column":0},"end":{"line":75,"column":0}},"75":{"start":{"line":76,"column":0},"end":{"line":76,"column":26}},"76":{"start":{"line":77,"column":0},"end":{"line":77,"column":42}},"77":{"start":{"line":78,"column":0},"end":{"line":78,"column":3}},"78":{"start":{"line":79,"column":0},"end":{"line":79,"column":0}},"79":{"start":{"line":80,"column":0},"end":{"line":80,"column":40}},"80":{"start":{"line":81,"column":0},"end":{"line":81,"column":41}},"81":{"start":{"line":82,"column":0},"end":{"line":82,"column":0}},"82":{"start":{"line":83,"column":0},"end":{"line":83,"column":27}},"83":{"start":{"line":84,"column":0},"end":{"line":84,"column":82}},"84":{"start":{"line":85,"column":0},"end":{"line":85,"column":3}},"85":{"start":{"line":86,"column":0},"end":{"line":86,"column":0}},"86":{"start":{"line":87,"column":0},"end":{"line":87,"column":28}},"87":{"start":{"line":88,"column":0},"end":{"line":88,"column":85}},"88":{"start":{"line":89,"column":0},"end":{"line":89,"column":3}},"89":{"start":{"line":90,"column":0},"end":{"line":90,"column":0}},"90":{"start":{"line":91,"column":0},"end":{"line":91,"column":25}},"91":{"start":{"line":92,"column":0},"end":{"line":92,"column":0}},"92":{"start":{"line":93,"column":0},"end":{"line":93,"column":41}},"93":{"start":{"line":94,"column":0},"end":{"line":94,"column":42}},"94":{"start":{"line":95,"column":0},"end":{"line":95,"column":5}},"95":{"start":{"line":96,"column":0},"end":{"line":96,"column":0}},"96":{"start":{"line":97,"column":0},"end":{"line":97,"column":39}},"97":{"start":{"line":98,"column":0},"end":{"line":98,"column":43}},"98":{"start":{"line":99,"column":0},"end":{"line":99,"column":5}},"99":{"start":{"line":100,"column":0},"end":{"line":100,"column":0}},"100":{"start":{"line":101,"column":0},"end":{"line":101,"column":38}},"101":{"start":{"line":102,"column":0},"end":{"line":102,"column":27}},"102":{"start":{"line":103,"column":0},"end":{"line":103,"column":45}},"103":{"start":{"line":104,"column":0},"end":{"line":104,"column":7}},"104":{"start":{"line":105,"column":0},"end":{"line":105,"column":0}},"105":{"start":{"line":106,"column":0},"end":{"line":106,"column":28}},"106":{"start":{"line":107,"column":0},"end":{"line":107,"column":44}},"107":{"start":{"line":108,"column":0},"end":{"line":108,"column":7}},"108":{"start":{"line":109,"column":0},"end":{"line":109,"column":0}},"109":{"start":{"line":110,"column":0},"end":{"line":110,"column":46}},"110":{"start":{"line":111,"column":0},"end":{"line":111,"column":46}},"111":{"start":{"line":112,"column":0},"end":{"line":112,"column":7}},"112":{"start":{"line":113,"column":0},"end":{"line":113,"column":5}},"113":{"start":{"line":114,"column":0},"end":{"line":114,"column":0}},"114":{"start":{"line":115,"column":0},"end":{"line":115,"column":3}},"115":{"start":{"line":116,"column":0},"end":{"line":116,"column":0}},"116":{"start":{"line":117,"column":0},"end":{"line":117,"column":13}},"117":{"start":{"line":118,"column":0},"end":{"line":118,"column":2}},"118":{"start":{"line":119,"column":0},"end":{"line":119,"column":0}},"119":{"start":{"line":120,"column":0},"end":{"line":120,"column":36}},"120":{"start":{"line":121,"column":0},"end":{"line":121,"column":127}},"121":{"start":{"line":122,"column":0},"end":{"line":122,"column":0}},"122":{"start":{"line":123,"column":0},"end":{"line":123,"column":64}},"123":{"start":{"line":124,"column":0},"end":{"line":124,"column":0}},"124":{"start":{"line":125,"column":0},"end":{"line":125,"column":39}},"125":{"start":{"line":126,"column":0},"end":{"line":126,"column":56}},"126":{"start":{"line":127,"column":0},"end":{"line":127,"column":4}},"127":{"start":{"line":128,"column":0},"end":{"line":128,"column":0}},"128":{"start":{"line":129,"column":0},"end":{"line":129,"column":10}},"129":{"start":{"line":130,"column":0},"end":{"line":130,"column":36}},"130":{"start":{"line":131,"column":0},"end":{"line":131,"column":28}},"131":{"start":{"line":132,"column":0},"end":{"line":132,"column":16}},"132":{"start":{"line":133,"column":0},"end":{"line":133,"column":62}},"133":{"start":{"line":134,"column":0},"end":{"line":134,"column":59}},"134":{"start":{"line":135,"column":0},"end":{"line":135,"column":16}},"135":{"start":{"line":136,"column":0},"end":{"line":136,"column":10}},"136":{"start":{"line":137,"column":0},"end":{"line":137,"column":9}},"137":{"start":{"line":138,"column":0},"end":{"line":138,"column":10}},"138":{"start":{"line":139,"column":0},"end":{"line":139,"column":4}},"139":{"start":{"line":140,"column":0},"end":{"line":140,"column":2}}},"s":{"0":1,"1":1,"2":1,"3":1,"4":1,"5":1,"6":1,"7":53,"8":53,"9":1,"10":1,"11":41,"12":33,"13":33,"14":6,"15":33,"16":33,"17":18,"18":33,"19":33,"20":8,"21":8,"22":8,"23":5,"24":8,"25":8,"26":3,"27":8,"28":8,"29":9,"30":9,"31":9,"32":1,"33":1,"34":45,"35":36,"36":36,"37":4,"38":36,"39":36,"40":22,"41":36,"42":36,"43":9,"44":9,"45":9,"46":6,"47":9,"48":9,"49":3,"50":9,"51":9,"52":10,"53":10,"54":10,"55":1,"56":1,"57":53,"58":53,"59":53,"60":265,"61":265,"62":265,"63":53,"64":53,"65":53,"66":212,"67":212,"68":212,"69":53,"70":53,"71":53,"72":53,"73":53,"74":53,"75":53,"76":11,"77":11,"78":53,"79":53,"80":53,"81":53,"82":53,"83":41,"84":41,"85":53,"86":53,"87":45,"88":45,"89":53,"90":53,"91":42,"92":42,"93":5,"94":5,"95":42,"96":42,"97":6,"98":6,"99":42,"100":42,"101":27,"102":11,"103":11,"104":27,"105":27,"106":9,"107":9,"108":27,"109":27,"110":4,"111":4,"112":27,"113":42,"114":42,"115":53,"116":53,"117":53,"118":1,"119":1,"120":0,"121":0,"122":0,"123":0,"124":0,"125":0,"126":0,"127":0,"128":0,"129":0,"130":0,"131":0,"132":0,"133":0,"134":0,"135":0,"136":0,"137":0,"138":0,"139":0},"branchMap":{"0":{"type":"branch","line":7,"loc":{"start":{"line":7,"column":17},"end":{"line":9,"column":2}},"locations":[{"start":{"line":7,"column":17},"end":{"line":9,"column":2}}]},"1":{"type":"branch","line":8,"loc":{"start":{"line":8,"column":24},"end":{"line":8,"column":48}},"locations":[{"start":{"line":8,"column":24},"end":{"line":8,"column":48}}]},"2":{"type":"branch","line":8,"loc":{"start":{"line":8,"column":36},"end":{"line":8,"column":103}},"locations":[{"start":{"line":8,"column":36},"end":{"line":8,"column":103}}]},"3":{"type":"branch","line":8,"loc":{"start":{"line":8,"column":63},"end":{"line":8,"column":90}},"locations":[{"start":{"line":8,"column":63},"end":{"line":8,"column":90}}]},"4":{"type":"branch","line":8,"loc":{"start":{"line":8,"column":78},"end":{"line":8,"column":103}},"locations":[{"start":{"line":8,"column":78},"end":{"line":8,"column":103}}]},"5":{"type":"branch","line":11,"loc":{"start":{"line":11,"column":27},"end":{"line":32,"column":1}},"locations":[{"start":{"line":11,"column":27},"end":{"line":32,"column":1}}]},"6":{"type":"branch","line":12,"loc":{"start":{"line":12,"column":15},"end":{"line":20,"column":3}},"locations":[{"start":{"line":12,"column":15},"end":{"line":20,"column":3}}]},"7":{"type":"branch","line":14,"loc":{"start":{"line":14,"column":6},"end":{"line":15,"column":31}},"locations":[{"start":{"line":14,"column":6},"end":{"line":15,"column":31}}]},"8":{"type":"branch","line":17,"loc":{"start":{"line":17,"column":6},"end":{"line":18,"column":29}},"locations":[{"start":{"line":17,"column":6},"end":{"line":18,"column":29}}]},"9":{"type":"branch","line":20,"loc":{"start":{"line":20,"column":2},"end":{"line":29,"column":3}},"locations":[{"start":{"line":20,"column":2},"end":{"line":29,"column":3}}]},"10":{"type":"branch","line":23,"loc":{"start":{"line":23,"column":6},"end":{"line":24,"column":31}},"locations":[{"start":{"line":23,"column":6},"end":{"line":24,"column":31}}]},"11":{"type":"branch","line":26,"loc":{"start":{"line":26,"column":6},"end":{"line":27,"column":30}},"locations":[{"start":{"line":26,"column":6},"end":{"line":27,"column":30}}]},"12":{"type":"branch","line":29,"loc":{"start":{"line":29,"column":2},"end":{"line":32,"column":1}},"locations":[{"start":{"line":29,"column":2},"end":{"line":32,"column":1}}]},"13":{"type":"branch","line":34,"loc":{"start":{"line":34,"column":28},"end":{"line":55,"column":1}},"locations":[{"start":{"line":34,"column":28},"end":{"line":55,"column":1}}]},"14":{"type":"branch","line":35,"loc":{"start":{"line":35,"column":15},"end":{"line":43,"column":3}},"locations":[{"start":{"line":35,"column":15},"end":{"line":43,"column":3}}]},"15":{"type":"branch","line":37,"loc":{"start":{"line":37,"column":6},"end":{"line":38,"column":31}},"locations":[{"start":{"line":37,"column":6},"end":{"line":38,"column":31}}]},"16":{"type":"branch","line":40,"loc":{"start":{"line":40,"column":6},"end":{"line":41,"column":30}},"locations":[{"start":{"line":40,"column":6},"end":{"line":41,"column":30}}]},"17":{"type":"branch","line":43,"loc":{"start":{"line":43,"column":2},"end":{"line":52,"column":3}},"locations":[{"start":{"line":43,"column":2},"end":{"line":52,"column":3}}]},"18":{"type":"branch","line":46,"loc":{"start":{"line":46,"column":6},"end":{"line":47,"column":31}},"locations":[{"start":{"line":46,"column":6},"end":{"line":47,"column":31}}]},"19":{"type":"branch","line":49,"loc":{"start":{"line":49,"column":6},"end":{"line":50,"column":29}},"locations":[{"start":{"line":49,"column":6},"end":{"line":50,"column":29}}]},"20":{"type":"branch","line":52,"loc":{"start":{"line":52,"column":2},"end":{"line":55,"column":1}},"locations":[{"start":{"line":52,"column":2},"end":{"line":55,"column":1}}]},"21":{"type":"branch","line":57,"loc":{"start":{"line":57,"column":27},"end":{"line":118,"column":2}},"locations":[{"start":{"line":57,"column":27},"end":{"line":118,"column":2}}]},"22":{"type":"branch","line":76,"loc":{"start":{"line":76,"column":25},"end":{"line":78,"column":3}},"locations":[{"start":{"line":76,"column":25},"end":{"line":78,"column":3}}]},"23":{"type":"branch","line":83,"loc":{"start":{"line":83,"column":6},"end":{"line":83,"column":26}},"locations":[{"start":{"line":83,"column":6},"end":{"line":83,"column":26}}]},"24":{"type":"branch","line":83,"loc":{"start":{"line":83,"column":26},"end":{"line":85,"column":3}},"locations":[{"start":{"line":83,"column":26},"end":{"line":85,"column":3}}]},"25":{"type":"branch","line":87,"loc":{"start":{"line":87,"column":6},"end":{"line":87,"column":27}},"locations":[{"start":{"line":87,"column":6},"end":{"line":87,"column":27}}]},"26":{"type":"branch","line":87,"loc":{"start":{"line":87,"column":27},"end":{"line":89,"column":3}},"locations":[{"start":{"line":87,"column":27},"end":{"line":89,"column":3}}]},"27":{"type":"branch","line":91,"loc":{"start":{"line":91,"column":24},"end":{"line":115,"column":3}},"locations":[{"start":{"line":91,"column":24},"end":{"line":115,"column":3}}]},"28":{"type":"branch","line":93,"loc":{"start":{"line":93,"column":8},"end":{"line":93,"column":38}},"locations":[{"start":{"line":93,"column":8},"end":{"line":93,"column":38}}]},"29":{"type":"branch","line":93,"loc":{"start":{"line":93,"column":40},"end":{"line":95,"column":5}},"locations":[{"start":{"line":93,"column":40},"end":{"line":95,"column":5}}]},"30":{"type":"branch","line":97,"loc":{"start":{"line":97,"column":8},"end":{"line":97,"column":36}},"locations":[{"start":{"line":97,"column":8},"end":{"line":97,"column":36}}]},"31":{"type":"branch","line":97,"loc":{"start":{"line":97,"column":38},"end":{"line":99,"column":5}},"locations":[{"start":{"line":97,"column":38},"end":{"line":99,"column":5}}]},"32":{"type":"branch","line":101,"loc":{"start":{"line":101,"column":9},"end":{"line":101,"column":37}},"locations":[{"start":{"line":101,"column":9},"end":{"line":101,"column":37}}]},"33":{"type":"branch","line":101,"loc":{"start":{"line":101,"column":37},"end":{"line":113,"column":5}},"locations":[{"start":{"line":101,"column":37},"end":{"line":113,"column":5}}]},"34":{"type":"branch","line":102,"loc":{"start":{"line":102,"column":26},"end":{"line":104,"column":7}},"locations":[{"start":{"line":102,"column":26},"end":{"line":104,"column":7}}]},"35":{"type":"branch","line":106,"loc":{"start":{"line":106,"column":27},"end":{"line":108,"column":7}},"locations":[{"start":{"line":106,"column":27},"end":{"line":108,"column":7}}]},"36":{"type":"branch","line":110,"loc":{"start":{"line":110,"column":24},"end":{"line":110,"column":43}},"locations":[{"start":{"line":110,"column":24},"end":{"line":110,"column":43}}]},"37":{"type":"branch","line":110,"loc":{"start":{"line":110,"column":45},"end":{"line":112,"column":7}},"locations":[{"start":{"line":110,"column":45},"end":{"line":112,"column":7}}]},"38":{"type":"branch","line":60,"loc":{"start":{"line":60,"column":28},"end":{"line":69,"column":5}},"locations":[{"start":{"line":60,"column":28},"end":{"line":69,"column":5}}]},"39":{"type":"branch","line":61,"loc":{"start":{"line":61,"column":69},"end":{"line":61,"column":88}},"locations":[{"start":{"line":61,"column":69},"end":{"line":61,"column":88}}]},"40":{"type":"branch","line":63,"loc":{"start":{"line":63,"column":27},"end":{"line":66,"column":5}},"locations":[{"start":{"line":63,"column":27},"end":{"line":66,"column":5}}]},"41":{"type":"branch","line":66,"loc":{"start":{"line":66,"column":4},"end":{"line":69,"column":5}},"locations":[{"start":{"line":66,"column":4},"end":{"line":69,"column":5}}]}},"b":{"0":[53],"1":[11],"2":[42],"3":[12],"4":[30],"5":[41],"6":[33],"7":[6],"8":[18],"9":[8],"10":[5],"11":[3],"12":[9],"13":[45],"14":[36],"15":[4],"16":[22],"17":[9],"18":[6],"19":[3],"20":[10],"21":[53],"22":[11],"23":[41],"24":[41],"25":[45],"26":[45],"27":[42],"28":[9],"29":[5],"30":[6],"31":[6],"32":[33],"33":[27],"34":[11],"35":[9],"36":[11],"37":[4],"38":[265],"39":[45],"40":[53],"41":[212]},"fnMap":{"0":{"name":"getState","decl":{"start":{"line":7,"column":17},"end":{"line":9,"column":2}},"loc":{"start":{"line":7,"column":17},"end":{"line":9,"column":2}},"line":7},"1":{"name":"getPositionForLeft","decl":{"start":{"line":11,"column":27},"end":{"line":32,"column":1}},"loc":{"start":{"line":11,"column":27},"end":{"line":32,"column":1}},"line":11},"2":{"name":"getPositionForRight","decl":{"start":{"line":34,"column":28},"end":{"line":55,"column":1}},"loc":{"start":{"line":34,"column":28},"end":{"line":55,"column":1}},"line":34},"3":{"name":"updateItems","decl":{"start":{"line":57,"column":27},"end":{"line":118,"column":2}},"loc":{"start":{"line":57,"column":27},"end":{"line":118,"column":2}},"line":57},"4":{"name":"CheckSequence","decl":{"start":{"line":120,"column":29},"end":{"line":140,"column":2}},"loc":{"start":{"line":120,"column":29},"end":{"line":140,"column":2}},"line":120}},"f":{"0":53,"1":41,"2":45,"3":53,"4":0}}
,"/Users/player16/Devs/self/habit-journal/src/shared/ui/local/check/types.ts": {"path":"/Users/player16/Devs/self/habit-journal/src/shared/ui/local/check/types.ts","all":false,"statementMap":{"0":{"start":{"line":1,"column":0},"end":{"line":1,"column":22}},"1":{"start":{"line":2,"column":0},"end":{"line":2,"column":16}},"2":{"start":{"line":3,"column":0},"end":{"line":3,"column":18}},"3":{"start":{"line":4,"column":0},"end":{"line":4,"column":20}},"4":{"start":{"line":5,"column":0},"end":{"line":5,"column":20}},"5":{"start":{"line":6,"column":0},"end":{"line":6,"column":1}},"6":{"start":{"line":7,"column":0},"end":{"line":7,"column":0}},"7":{"start":{"line":8,"column":0},"end":{"line":8,"column":32}},"8":{"start":{"line":9,"column":0},"end":{"line":9,"column":13}},"9":{"start":{"line":10,"column":0},"end":{"line":10,"column":35}},"10":{"start":{"line":11,"column":0},"end":{"line":11,"column":1}},"11":{"start":{"line":12,"column":0},"end":{"line":12,"column":0}},"12":{"start":{"line":13,"column":0},"end":{"line":13,"column":54}},"13":{"start":{"line":14,"column":0},"end":{"line":14,"column":21}},"14":{"start":{"line":15,"column":0},"end":{"line":15,"column":1}},"15":{"start":{"line":16,"column":0},"end":{"line":16,"column":0}},"16":{"start":{"line":17,"column":0},"end":{"line":17,"column":53}},"17":{"start":{"line":18,"column":0},"end":{"line":18,"column":22}},"18":{"start":{"line":19,"column":0},"end":{"line":19,"column":1}}},"s":{"0":1,"1":1,"2":1,"3":1,"4":1,"5":1,"6":1,"7":1,"8":1,"9":1,"10":1,"11":1,"12":1,"13":1,"14":1,"15":1,"16":1,"17":1,"18":1},"branchMap":{"0":{"type":"branch","line":1,"loc":{"start":{"line":1,"column":12},"end":{"line":1,"column":20}},"locations":[{"start":{"line":1,"column":12},"end":{"line":1,"column":20}}]}},"b":{"0":[1]},"fnMap":{},"f":{}}
}
